<?xml version="1.0" encoding="UTF-8"?>
<!-- Generated by org.testng.reporters.JUnitXMLReporter -->
<testsuite hostname="DESKTOP-4QT76F7" ignored="0" name="ChromeTest" tests="3" failures="0" timestamp="2021-05-17T01:06:13 IST" time="39.479" errors="0">
  <testcase name="verifyLogo" time="0.5" classname="com.mystore.testcases.IndexPageTest"/>
  <testcase name="verifyLogo" time="0.236" classname="com.mystore.testcases.IndexPageTest"/>
  <testcase name="verifyTitle" time="0.034" classname="com.mystore.testcases.IndexPageTest"/>
</testsuite> <!-- ChromeTest -->
